2025-09-30 20:26:31,643 - __main__ - INFO - Initializing Logger Service
2025-09-30 20:26:31,645 - __main__ - INFO - Logger Service initialized successfully
2025-09-30 20:26:31,645 - __main__ - INFO - Starting Logger Service on 0.0.0.0:8001
2025-09-30 20:39:06,018 - __main__ - INFO - Initializing Logger Service
2025-09-30 20:39:06,020 - __main__ - INFO - Logger Service initialized successfully
2025-09-30 20:39:06,020 - __main__ - INFO - Starting Logger Service on 0.0.0.0:8001
2025-09-30 20:39:39,605 - __main__ - INFO - Incoming request: POST /log
2025-09-30 20:39:39,606 - __main__ - INFO - Processing log request for file: test_communication.txt
2025-09-30 20:39:39,611 - __main__ - INFO - Successfully created log file: logs\test_communication-20250930T173939Z.txt
2025-09-30 20:39:39,611 - __main__ - INFO - Request completed: 200 in 0.006s
2025-09-30 20:39:40,739 - __main__ - INFO - Incoming request: POST /log
2025-09-30 20:39:40,740 - __main__ - INFO - Processing log request for file: test_communication.txt
2025-09-30 20:39:40,741 - __main__ - INFO - Successfully created log file: logs\test_communication-20250930T173940Z.txt
2025-09-30 20:39:40,741 - __main__ - INFO - Request completed: 200 in 0.002s
2025-09-30 20:40:07,678 - __main__ - INFO - Incoming request: POST /log
2025-09-30 20:40:07,679 - __main__ - INFO - Processing log request for file: second_test.txt
2025-09-30 20:40:07,680 - __main__ - INFO - Successfully created log file: logs\second_test-20250930T174007Z.txt
2025-09-30 20:40:07,680 - __main__ - INFO - Request completed: 200 in 0.002s
2025-09-30 20:40:08,827 - __main__ - INFO - Incoming request: POST /log
2025-09-30 20:40:08,828 - __main__ - INFO - Processing log request for file: second_test.txt
2025-09-30 20:40:08,828 - __main__ - INFO - Successfully created log file: logs\second_test-20250930T174008Z.txt
2025-09-30 20:40:08,828 - __main__ - INFO - Request completed: 200 in 0.002s
2025-09-30 20:53:37,018 - __main__ - INFO - Incoming request: POST /log
2025-09-30 20:53:37,019 - __main__ - INFO - Processing log request for file: ss.txt
2025-09-30 20:53:37,019 - __main__ - INFO - Successfully created log file: logs\ss-20250930T175337Z.txt
2025-09-30 20:53:37,020 - __main__ - INFO - Request completed: 200 in 0.002s
2025-09-30 20:53:37,871 - __main__ - INFO - Incoming request: POST /log
2025-09-30 20:53:37,872 - __main__ - INFO - Processing log request for file: ss.txt
2025-09-30 20:53:37,873 - __main__ - INFO - Successfully created log file: logs\ss-20250930T175337Z_1.txt
2025-09-30 20:53:37,873 - __main__ - INFO - Request completed: 200 in 0.002s
2025-09-30 20:53:49,083 - __main__ - INFO - Incoming request: POST /log
2025-09-30 20:53:49,084 - __main__ - INFO - Processing log request for file: ss.txt
2025-09-30 20:53:49,084 - __main__ - INFO - Successfully created log file: logs\ss-20250930T175349Z.txt
2025-09-30 20:53:49,085 - __main__ - INFO - Request completed: 200 in 0.002s
2025-09-30 20:53:49,940 - __main__ - INFO - Incoming request: POST /log
2025-09-30 20:53:49,941 - __main__ - INFO - Processing log request for file: ss.txt
2025-09-30 20:53:49,942 - __main__ - INFO - Successfully created log file: logs\ss-20250930T175349Z_1.txt
2025-09-30 20:53:49,942 - __main__ - INFO - Request completed: 200 in 0.002s
2025-09-30 20:55:18,029 - __main__ - INFO - Incoming request: POST /log
2025-09-30 20:55:18,031 - __main__ - INFO - Processing log request for file: aa.txt
2025-09-30 20:55:18,032 - __main__ - INFO - Successfully created log file: logs\aa-20250930T175518Z.txt
2025-09-30 20:55:18,032 - __main__ - INFO - Request completed: 200 in 0.003s
2025-09-30 20:55:19,152 - __main__ - INFO - Incoming request: POST /log
2025-09-30 20:55:19,153 - __main__ - INFO - Processing log request for file: aa.txt
2025-09-30 20:55:19,154 - __main__ - INFO - Successfully created log file: logs\aa-20250930T175519Z.txt
2025-09-30 20:55:19,154 - __main__ - INFO - Request completed: 200 in 0.002s
2025-09-30 20:56:51,258 - __main__ - INFO - Incoming request: POST /log
2025-09-30 20:56:51,259 - __main__ - INFO - Processing log request for file: malice.bash
2025-09-30 20:56:51,260 - __main__ - INFO - Successfully created log file: logs\malice-20250930T175651Z.txt
2025-09-30 20:56:51,260 - __main__ - INFO - Request completed: 200 in 0.002s
2025-09-30 20:56:52,116 - __main__ - INFO - Incoming request: POST /log
2025-09-30 20:56:52,117 - __main__ - INFO - Processing log request for file: malice.bash
2025-09-30 20:56:52,118 - __main__ - INFO - Successfully created log file: logs\malice-20250930T175652Z.txt
2025-09-30 20:56:52,118 - __main__ - INFO - Request completed: 200 in 0.002s
2025-10-03 15:48:52,822 - __main__ - INFO - Initializing Logger Service
2025-10-03 15:48:52,825 - __main__ - INFO - Logger Service initialized successfully
2025-10-03 15:48:52,825 - __main__ - INFO - Starting Logger Service on 0.0.0.0:8001
2025-10-03 15:50:55,005 - __main__ - INFO - Incoming request: GET /health
2025-10-03 15:50:55,006 - __main__ - INFO - Request completed: 200 in 0.002s
2025-10-03 15:51:38,756 - __main__ - INFO - Incoming request: POST /log
2025-10-03 15:51:38,757 - __main__ - INFO - Processing log request for file: sasa_test_file.txt
2025-10-03 15:51:38,759 - __main__ - INFO - Successfully created log file: logs\sasa_test_file-20251003T125138Z.txt
2025-10-03 15:51:38,759 - __main__ - INFO - Request completed: 200 in 0.003s
2025-10-03 15:52:30,822 - __main__ - INFO - Incoming request: POST /log
2025-10-03 15:52:30,824 - __main__ - INFO - Processing log request for file: a.a
2025-10-03 15:52:30,825 - __main__ - INFO - Successfully created log file: logs\a-20251003T125230Z.txt
2025-10-03 15:52:30,825 - __main__ - INFO - Request completed: 200 in 0.003s
2025-10-03 17:22:50,266 - __main__ - INFO - Initializing Logger Service
2025-10-03 17:22:50,268 - __main__ - INFO - Logger Service initialized successfully
2025-10-03 17:22:50,268 - __main__ - INFO - Starting Logger Service on 0.0.0.0:8001
2025-10-03 17:47:07,107 - __main__ - INFO - Initializing Logger Service
2025-10-03 17:47:07,109 - __main__ - INFO - Logger Service initialized successfully
2025-10-03 17:47:07,109 - __main__ - INFO - Starting Logger Service on 0.0.0.0:8001
